2025-05-28 21:46:26,996 - easyeditor.editors.editor - INFO - Instantiating model
2025-05-28 21:49:37,182 - easyeditor.editors.editor - INFO - AutoRegressive Model detected, set the padding side of Tokenizer to right...
2025-05-28 22:04:55,399 - easyeditor.editors.editor - INFO - Instantiating model
2025-05-28 22:05:05,869 - easyeditor.editors.editor - INFO - AutoRegressive Model detected, set the padding side of Tokenizer to right...
2025-05-28 22:05:42,180 - easyeditor.editors.editor - INFO - Execution editing took 36.31043338775635
2025-05-28 22:05:42,417 - easyeditor.editors.editor - INFO - 0 editing: Charles Simonyi, who is employed by -> BBC  
 {'case_id': 0, 'requested_rewrite': {'prompt': 'Charles Simonyi, who is employed by', 'target_new': 'BBC', 'ground_truth': 'Microsoft', 'portability': {}, 'locality': {}, 'subject': 'Charles Simonyi'}, 'time': 36.31043338775635, 'post': {'rewrite_acc': [1.0], 'locality': {}, 'portability': {}}, 'pre': {'rewrite_acc': [0.0], 'locality': {}, 'portability': {}}}
2025-05-28 22:05:42,472 - easyeditor.editors.editor - INFO - 1 editing: Nintendo DS is developed by -> Nissan  
 {'case_id': 1, 'requested_rewrite': {'prompt': 'Nintendo DS is developed by', 'target_new': 'Nissan', 'ground_truth': 'Nintendo', 'portability': {}, 'locality': {}, 'subject': 'Nintendo DS'}, 'time': 36.31043338775635, 'post': {'rewrite_acc': [1.0], 'locality': {}, 'portability': {}}, 'pre': {'rewrite_acc': [0.0], 'locality': {}, 'portability': {}}}
2025-05-28 22:05:42,528 - easyeditor.editors.editor - INFO - 2 editing: Michael Lipman was born in -> Florence  
 {'case_id': 2, 'requested_rewrite': {'prompt': 'Michael Lipman was born in', 'target_new': 'Florence', 'ground_truth': 'London', 'portability': {}, 'locality': {}, 'subject': 'Michael Lipman'}, 'time': 36.31043338775635, 'post': {'rewrite_acc': [1.0], 'locality': {}, 'portability': {}}, 'pre': {'rewrite_acc': [0.0], 'locality': {}, 'portability': {}}}
2025-05-28 22:05:42,528 - easyeditor.editors.editor - INFO - Evaluation took 0.3476560115814209
2025-05-28 22:06:00,913 - easyeditor.editors.editor - INFO - Execution editing took 18.385298252105713
2025-05-28 22:06:01,154 - easyeditor.editors.editor - INFO - 0 editing: Georg von Kopp, whose position is that of -> pope  
 {'case_id': 0, 'requested_rewrite': {'prompt': 'Georg von Kopp, whose position is that of', 'target_new': 'pope', 'ground_truth': 'bishop', 'portability': {}, 'locality': {}, 'subject': 'Georg von Kopp'}, 'time': 18.385298252105713, 'post': {'rewrite_acc': [1.0], 'locality': {}, 'portability': {}}, 'pre': {'rewrite_acc': [0.0], 'locality': {}, 'portability': {}}}
2025-05-28 22:06:01,213 - easyeditor.editors.editor - INFO - 1 editing: What does Arthur Goring Thomas play? They play -> jazz  
 {'case_id': 1, 'requested_rewrite': {'prompt': 'What does Arthur Goring Thomas play? They play', 'target_new': 'jazz', 'ground_truth': 'opera', 'portability': {}, 'locality': {}, 'subject': 'Arthur Goring Thomas'}, 'time': 18.385298252105713, 'post': {'rewrite_acc': [1.0], 'locality': {}, 'portability': {}}, 'pre': {'rewrite_acc': [0.0], 'locality': {}, 'portability': {}}}
2025-05-28 22:06:01,271 - easyeditor.editors.editor - INFO - 2 editing: Dennis Rowland, who plays -> opera  
 {'case_id': 2, 'requested_rewrite': {'prompt': 'Dennis Rowland, who plays', 'target_new': 'opera', 'ground_truth': 'jazz', 'portability': {}, 'locality': {}, 'subject': 'Dennis Rowland'}, 'time': 18.385298252105713, 'post': {'rewrite_acc': [1.0], 'locality': {}, 'portability': {}}, 'pre': {'rewrite_acc': [0.0], 'locality': {}, 'portability': {}}}
2025-05-28 22:06:01,271 - easyeditor.editors.editor - INFO - Evaluation took 0.3575780391693115
2025-05-28 22:06:29,537 - easyeditor.editors.editor - INFO - Execution editing took 28.265482664108276
2025-05-28 22:06:29,776 - easyeditor.editors.editor - INFO - 0 editing: Renault 14 is produced by -> Dodge  
 {'case_id': 0, 'requested_rewrite': {'prompt': 'Renault 14 is produced by', 'target_new': 'Dodge', 'ground_truth': 'Renault', 'portability': {}, 'locality': {}, 'subject': 'Renault 14'}, 'time': 28.265482664108276, 'post': {'rewrite_acc': [1.0], 'locality': {}, 'portability': {}}, 'pre': {'rewrite_acc': [0.0], 'locality': {}, 'portability': {}}}
2025-05-28 22:06:29,835 - easyeditor.editors.editor - INFO - 1 editing: Vittorio De Sisti speaks the language -> French  
 {'case_id': 1, 'requested_rewrite': {'prompt': 'Vittorio De Sisti speaks the language', 'target_new': 'French', 'ground_truth': 'Italian', 'portability': {}, 'locality': {}, 'subject': 'Vittorio De Sisti'}, 'time': 28.265482664108276, 'post': {'rewrite_acc': [1.0], 'locality': {}, 'portability': {}}, 'pre': {'rewrite_acc': [0.0], 'locality': {}, 'portability': {}}}
2025-05-28 22:06:29,894 - easyeditor.editors.editor - INFO - 2 editing: Ferhat Abbas used to work in -> Ottawa  
 {'case_id': 2, 'requested_rewrite': {'prompt': 'Ferhat Abbas used to work in', 'target_new': 'Ottawa', 'ground_truth': 'Paris', 'portability': {}, 'locality': {}, 'subject': 'Ferhat Abbas'}, 'time': 28.265482664108276, 'post': {'rewrite_acc': [1.0], 'locality': {}, 'portability': {}}, 'pre': {'rewrite_acc': [0.0], 'locality': {}, 'portability': {}}}
2025-05-28 22:06:29,894 - easyeditor.editors.editor - INFO - Evaluation took 0.356736421585083
2025-05-28 22:06:48,196 - easyeditor.editors.editor - INFO - Execution editing took 18.301735877990723
2025-05-28 22:06:48,318 - easyeditor.editors.editor - INFO - 0 editing: Sony Alpha 99, created by -> Triumph  
 {'case_id': 0, 'requested_rewrite': {'prompt': 'Sony Alpha 99, created by', 'target_new': 'Triumph', 'ground_truth': 'Sony', 'portability': {}, 'locality': {}, 'subject': 'Sony Alpha 99'}, 'time': 18.301735877990723, 'post': {'rewrite_acc': [1.0], 'locality': {}, 'portability': {}}, 'pre': {'rewrite_acc': [0.0], 'locality': {}, 'portability': {}}}
2025-05-28 22:06:48,318 - easyeditor.editors.editor - INFO - Evaluation took 0.12203788757324219
2025-05-28 22:13:56,265 - easyeditor.editors.editor - INFO - Instantiating model
2025-05-28 22:14:26,094 - easyeditor.editors.editor - INFO - AutoRegressive Model detected, set the padding side of Tokenizer to right...
2025-05-28 22:15:25,694 - easyeditor.editors.editor - INFO - Execution editing took 59.59856081008911
2025-05-28 22:15:37,171 - easyeditor.editors.editor - INFO - 0 editing: Charles Simonyi, who is employed by -> BBC  
 {'case_id': 0, 'requested_rewrite': {'prompt': 'Charles Simonyi, who is employed by', 'target_new': 'BBC', 'ground_truth': 'Microsoft', 'portability': {}, 'locality': {}, 'subject': 'Charles Simonyi'}, 'time': 59.59856081008911, 'post': {'rewrite_acc': [1.0], 'locality': {}, 'portability': {}}, 'pre': {'rewrite_acc': [0.0], 'locality': {}, 'portability': {}}}
2025-05-28 22:15:40,994 - easyeditor.editors.editor - INFO - 1 editing: Nintendo DS is developed by -> Nissan  
 {'case_id': 1, 'requested_rewrite': {'prompt': 'Nintendo DS is developed by', 'target_new': 'Nissan', 'ground_truth': 'Nintendo', 'portability': {}, 'locality': {}, 'subject': 'Nintendo DS'}, 'time': 59.59856081008911, 'post': {'rewrite_acc': [1.0], 'locality': {}, 'portability': {}}, 'pre': {'rewrite_acc': [0.0], 'locality': {}, 'portability': {}}}
2025-05-28 22:15:40,994 - easyeditor.editors.editor - INFO - Evaluation took 15.300379037857056
2025-05-28 23:08:16,244 - easyeditor.editors.editor - INFO - Instantiating model
2025-05-28 23:08:27,991 - easyeditor.editors.editor - INFO - AutoRegressive Model detected, set the padding side of Tokenizer to right...
2025-05-28 23:08:57,860 - easyeditor.editors.editor - INFO - Execution editing took 29.867884159088135
2025-05-28 23:08:58,041 - easyeditor.editors.editor - INFO - 0 editing: Charles Simonyi, who is employed by -> BBC  
 {'case_id': 0, 'requested_rewrite': {'prompt': 'Charles Simonyi, who is employed by', 'target_new': 'BBC', 'ground_truth': 'Microsoft', 'portability': {}, 'locality': {}, 'subject': 'Charles Simonyi'}, 'time': 29.867884159088135, 'post': {'rewrite_acc': [1.0], 'locality': {}, 'portability': {}}, 'pre': {'rewrite_acc': [0.0], 'locality': {}, 'portability': {}}}
2025-05-28 23:08:58,099 - easyeditor.editors.editor - INFO - 1 editing: Nintendo DS is developed by -> Nissan  
 {'case_id': 1, 'requested_rewrite': {'prompt': 'Nintendo DS is developed by', 'target_new': 'Nissan', 'ground_truth': 'Nintendo', 'portability': {}, 'locality': {}, 'subject': 'Nintendo DS'}, 'time': 29.867884159088135, 'post': {'rewrite_acc': [1.0], 'locality': {}, 'portability': {}}, 'pre': {'rewrite_acc': [0.0], 'locality': {}, 'portability': {}}}
2025-05-28 23:08:58,099 - easyeditor.editors.editor - INFO - Evaluation took 0.23906826972961426
2025-05-28 23:27:55,269 - easyeditor.editors.editor - INFO - Instantiating model
2025-05-28 23:28:05,689 - easyeditor.editors.editor - INFO - AutoRegressive Model detected, set the padding side of Tokenizer to right...
2025-05-28 23:31:06,601 - easyeditor.editors.editor - INFO - Instantiating model
2025-05-28 23:31:15,371 - easyeditor.editors.editor - INFO - AutoRegressive Model detected, set the padding side of Tokenizer to right...
